<?xml version="1.0" encoding="UTF-8" ?>
<testsuite tests="8" failures="0" name="com.tutorial.quickstart.RunCalculatorTest" time="0.001" errors="0" skipped="0">
  <properties>
    <property name="java.runtime.name" value="Java(TM) SE Runtime Environment"/>
    <property name="sun.boot.library.path" value="C:\Users\pool\Desktop\JDK 8\jre\bin"/>
    <property name="java.vm.version" value="25.151-b12"/>
    <property name="java.vm.vendor" value="Oracle Corporation"/>
    <property name="maven.multiModuleProjectDirectory" value="C:\Users\pool\eclipse-workspace\quickstart"/>
    <property name="java.vendor.url" value="http://java.oracle.com/"/>
    <property name="path.separator" value=";"/>
    <property name="guice.disable.misplaced.annotation.check" value="true"/>
    <property name="java.vm.name" value="Java HotSpot(TM) 64-Bit Server VM"/>
    <property name="file.encoding.pkg" value="sun.io"/>
    <property name="user.script" value=""/>
    <property name="user.country" value="DE"/>
    <property name="sun.java.launcher" value="SUN_STANDARD"/>
    <property name="sun.os.patch.level" value=""/>
    <property name="java.vm.specification.name" value="Java Virtual Machine Specification"/>
    <property name="user.dir" value="C:\Users\pool\eclipse-workspace\quickstart"/>
    <property name="java.runtime.version" value="1.8.0_151-b12"/>
    <property name="java.awt.graphicsenv" value="sun.awt.Win32GraphicsEnvironment"/>
    <property name="java.endorsed.dirs" value="C:\Users\pool\Desktop\JDK 8\jre\lib\endorsed"/>
    <property name="os.arch" value="amd64"/>
    <property name="java.io.tmpdir" value="C:\Users\pool\AppData\Local\Temp\"/>
    <property name="line.separator" value="
"/>
    <property name="java.vm.specification.vendor" value="Oracle Corporation"/>
    <property name="user.variant" value=""/>
    <property name="os.name" value="Windows 10"/>
    <property name="classworlds.conf" value="C:\Users\pool\eclipse-workspace\.metadata\.plugins\org.eclipse.m2e.launching\launches\m2conf275640453342191668.tmp"/>
    <property name="sun.jnu.encoding" value="Cp1252"/>
    <property name="java.library.path" value="C:\Users\pool\Desktop\JDK 8\bin;C:\WINDOWS\Sun\Java\bin;C:\WINDOWS\system32;C:\WINDOWS;C:/Program Files/Java/jre1.8.0_151/bin/server;C:/Program Files/Java/jre1.8.0_151/bin;C:/Program Files/Java/jre1.8.0_151/lib/amd64;C:\Python27\;C:\Python27\Scripts;C:\Program Files (x86)\NVIDIA Corporation\PhysX\Common;C:\gurobi605\win64\bin;C:\MinGW\bin;C:\ProgramData\Oracle\Java\javapath;C:\AMESim\v1320;C:\AMESim\v1320\win32;C:\AMESim\v1320\win64;C:\AMESim\v1320\sys\mingw32\bin;C:\AMESim\v1320\sys\mpich\mpd\bin;C:\AMESim\v1320\sys\cgns;C:\AMESim\v1320\sys\python\win32;C:\MSC.Software\Patran_x64\20121\bin;C:\Program Files (x86)\Intel\iCLS Client\;C:\Program Files\Intel\iCLS Client\;C:\Windows\system32;C:\Windows;C:\Windows\System32\Wbem;C:\Windows\System32\WindowsPowerShell\v1.0\;C:\Program Files\Intel\Intel(R) Management Engine Components\DAL;C:\Program Files (x86)\Intel\Intel(R) Management Engine Components\DAL;C:\Program Files\Intel\Intel(R) Management Engine Components\IPT;C:\Program Files (x86)\Intel\Intel(R) Management Engine Components\IPT;C:\ProgramData\chocolatey\bin;C:\Program Files\Java\jre7\bin;C:\Program Files\MiKTeX 2.9\miktex\bin\x64\;C:\Program Files\MATLAB\R2015b-64\runtime\win64;C:\Program Files\MATLAB\R2015b-64\bin;C:\Program Files\MATLAB\R2014b-64\runtime\win64;C:\Program Files\MATLAB\R2014b-64\bin;C:\Program Files\MATLAB\R2009b-64\runtime\win64;C:\Program Files\MATLAB\R2009b-64\bin;C:\Program Files (x86)\MATLAB\R2009b-32\runtime\win32;C:\Program Files (x86)\MATLAB\R2009b-32\bin;C:\Program Files\Microsoft SQL Server\110\Tools\Binn\;C:\Program Files\Microsoft Windows Performance Toolkit\;C:\tools\python2;C:\Program Files\Java\jre1.8.0_51\bin;C:\Program Files (x86)\Vector ICD Manager 2.1\\Exec32;C:\Program Files\Java\jre1.8.0_66\bin;C:\Program Files\Java\jre1.8.0_71\bin;C:\Program Files\Java\jre1.8.0_73\bin;C:\Program Files (x86)\Microsoft SQL Server\110\Tools\Binn\;C:\Program Files\Microsoft SQL Server\110\DTS\Binn\;C:\WINDOWS\system32;C:\WINDOWS;C:\WINDOWS\System32\Wbem;C:\WINDOWS\System32\WindowsPowerShell\v1.0\;%USERPROFILE%\.dnx\bin;C:\Program Files\Microsoft DNX\Dnvm\;C:\Program Files (x86)\Windows Kits\8.1\Windows Performance Toolkit\;C:\Program Files\Microsoft SQL Server\130\Tools\Binn\;C:\Program Files\TortoiseSVN\bin;C:\Program Files (x86)\GtkSharp\2.12\bin;C:\Program Files\Git\cmd;C:\Users\pool\AppData\Local\Microsoft\WindowsApps;C:\Users\pool\Desktop;;."/>
    <property name="java.specification.name" value="Java Platform API Specification"/>
    <property name="java.class.version" value="52.0"/>
    <property name="sun.management.compiler" value="HotSpot 64-Bit Tiered Compilers"/>
    <property name="os.version" value="10.0"/>
    <property name="user.home" value="C:\Users\pool"/>
    <property name="user.timezone" value="Europe/Berlin"/>
    <property name="java.awt.printerjob" value="sun.awt.windows.WPrinterJob"/>
    <property name="java.specification.version" value="1.8"/>
    <property name="file.encoding" value="Cp1252"/>
    <property name="user.name" value="pool"/>
    <property name="java.class.path" value="C:\Users\pool\.p2\pool\plugins\org.eclipse.m2e.maven.runtime_1.8.2.20171007-0216\jars\plexus-classworlds-2.5.2.jar"/>
    <property name="java.vm.specification.version" value="1.8"/>
    <property name="sun.arch.data.model" value="64"/>
    <property name="java.home" value="C:\Users\pool\Desktop\JDK 8\jre"/>
    <property name="sun.java.command" value="org.codehaus.plexus.classworlds.launcher.Launcher -B clean test"/>
    <property name="java.specification.vendor" value="Oracle Corporation"/>
    <property name="user.language" value="de"/>
    <property name="awt.toolkit" value="sun.awt.windows.WToolkit"/>
    <property name="java.vm.info" value="mixed mode"/>
    <property name="java.version" value="1.8.0_151"/>
    <property name="java.ext.dirs" value="C:\Users\pool\Desktop\JDK 8\jre\lib\ext;C:\WINDOWS\Sun\Java\lib\ext"/>
    <property name="sun.boot.class.path" value="C:\Users\pool\Desktop\JDK 8\jre\lib\resources.jar;C:\Users\pool\Desktop\JDK 8\jre\lib\rt.jar;C:\Users\pool\Desktop\JDK 8\jre\lib\sunrsasign.jar;C:\Users\pool\Desktop\JDK 8\jre\lib\jsse.jar;C:\Users\pool\Desktop\JDK 8\jre\lib\jce.jar;C:\Users\pool\Desktop\JDK 8\jre\lib\charsets.jar;C:\Users\pool\Desktop\JDK 8\jre\lib\jfr.jar;C:\Users\pool\Desktop\JDK 8\jre\classes"/>
    <property name="java.vendor" value="Oracle Corporation"/>
    <property name="maven.home" value="C:\Users\pool\eclipse-workspace\quickstart\EMBEDDED"/>
    <property name="file.separator" value="\"/>
    <property name="java.vendor.url.bug" value="http://bugreport.sun.com/bugreport/"/>
    <property name="sun.cpu.endian" value="little"/>
    <property name="sun.io.unicode.encoding" value="UnicodeLittle"/>
    <property name="sun.desktop" value="windows"/>
    <property name="sun.cpu.isalist" value="amd64"/>
  </properties>
  <testcase classname="Scenario: Add two numbers" name="Given I have a calculator" time="0"/>
  <testcase classname="Scenario: Add two numbers" name="When I add 7 and 3" time="0"/>
  <testcase classname="Scenario: Add two numbers" name="Then the result should be 10" time="0"/>
  <testcase classname="Scenario: Add two numbers" name="Scenario: Add two numbers" time="0"/>
  <testcase classname="Scenario: Multiply two numbers" name="Given I have a calculator" time="0"/>
  <testcase classname="Scenario: Multiply two numbers" name="When I multiply 7 and 3" time="0"/>
  <testcase classname="Scenario: Multiply two numbers" name="Then the result should be 21" time="0"/>
  <testcase classname="Scenario: Multiply two numbers" name="Scenario: Multiply two numbers" time="0.001"/>
</testsuite>